#
# There is insufficient memory for the Java Runtime Environment to continue.
# Native memory allocation (malloc) failed to allocate 440176 bytes for Chunk::new
# Possible reasons:
#   The system is out of physical RAM or swap space
#   In 32 bit mode, the process size limit was hit
# Possible solutions:
#   Reduce memory load on the system
#   Increase physical memory or swap space
#   Check if swap backing store is full
#   Use 64 bit Java on a 64 bit OS
#   Decrease Java heap size (-Xmx/-Xms)
#   Decrease number of Java threads
#   Decrease Java thread stack sizes (-Xss)
#   Set larger code cache with -XX:ReservedCodeCacheSize=
# This output file may be truncated or incomplete.
#
#  Out of Memory Error (allocation.cpp:390), pid=6656, tid=0x0000000000001500
#
# JRE version: OpenJDK Runtime Environment (8.0_112-b06) (build 1.8.0_112-release-b06)
# Java VM: OpenJDK 64-Bit Server VM (25.112-b06 mixed mode windows-amd64 compressed oops)
# Failed to write core dump. Minidumps are not enabled by default on client versions of Windows
#

---------------  T H R E A D  ---------------

Current thread (0x0000000014f37000):  JavaThread "C2 CompilerThread0" daemon [_thread_in_native, id=5376, stack(0x00000000165a0000,0x00000000166a0000)]

Stack: [0x00000000165a0000,0x00000000166a0000]
[error occurred during error reporting (printing stack bounds), id 0xc0000005]

Native frames: (J=compiled Java code, j=interpreted, Vv=VM code, C=native code)


Current CompileTask:
C2:   8136  669       4       com.android.dx.ssa.NormalSsaInsn::accept (25 bytes)


---------------  P R O C E S S  ---------------

Java Threads: ( => current thread )
  0x0000000016ba0000 JavaThread "pool-2-thread-4" [_thread_blocked, id=9220, stack(0x00000000172a0000,0x00000000173a0000)]
  0x0000000016b9f800 JavaThread "pool-2-thread-3" [_thread_blocked, id=2376, stack(0x00000000171a0000,0x00000000172a0000)]
  0x0000000016b99800 JavaThread "pool-2-thread-2" [_thread_blocked, id=7792, stack(0x00000000170a0000,0x00000000171a0000)]
  0x0000000016b97000 JavaThread "pool-3-thread-1" [_thread_blocked, id=6780, stack(0x0000000016fa0000,0x00000000170a0000)]
  0x0000000016b96000 JavaThread "pool-2-thread-1" [_thread_in_vm, id=10880, stack(0x0000000016ea0000,0x0000000016fa0000)]
  0x0000000014f8d800 JavaThread "Service Thread" daemon [_thread_blocked, id=6716, stack(0x0000000016ca0000,0x0000000016da0000)]
  0x0000000014f88800 JavaThread "C1 CompilerThread2" daemon [_thread_blocked, id=9560, stack(0x00000000167a0000,0x00000000168a0000)]
  0x0000000014f7d800 JavaThread "C2 CompilerThread1" daemon [_thread_in_native, id=7464, stack(0x00000000166a0000,0x00000000167a0000)]
=>0x0000000014f37000 JavaThread "C2 CompilerThread0" daemon [_thread_in_native, id=5376, stack(0x00000000165a0000,0x00000000166a0000)]
  0x0000000014f35800 JavaThread "Attach Listener" daemon [_thread_blocked, id=6928, stack(0x00000000164a0000,0x00000000165a0000)]
  0x0000000014f34000 JavaThread "Signal Dispatcher" daemon [_thread_blocked, id=3408, stack(0x00000000163a0000,0x00000000164a0000)]
  0x0000000002856000 JavaThread "Finalizer" daemon [_thread_blocked, id=10016, stack(0x0000000016190000,0x0000000016290000)]
  0x0000000002851000 JavaThread "Reference Handler" daemon [_thread_blocked, id=10420, stack(0x0000000016090000,0x0000000016190000)]
  0x0000000002761000 JavaThread "main" [_thread_blocked, id=9064, stack(0x0000000002660000,0x0000000002760000)]

Other Threads:
  0x0000000014ef5000 VMThread [stack: 0x0000000015f90000,0x0000000016090000] [id=11208]
  0x00000000168a0800 WatcherThread [stack: 0x0000000016da0000,0x0000000016ea0000] [id=8408]

VM state:not at safepoint (normal execution)

VM Mutex/Monitor currently owned by a thread: None

Heap:
 PSYoungGen      total 38400K, used 16684K [0x00000000eab00000, 0x00000000ed580000, 0x0000000100000000)
  eden space 33280K, 50% used [0x00000000eab00000,0x00000000ebb4b348,0x00000000ecb80000)
  from space 5120K, 0% used [0x00000000ed080000,0x00000000ed080000,0x00000000ed580000)
  to   space 5120K, 0% used [0x00000000ecb80000,0x00000000ecb80000,0x00000000ed080000)
 ParOldGen       total 87552K, used 0K [0x00000000c0000000, 0x00000000c5580000, 0x00000000eab00000)
  object space 87552K, 0% used [0x00000000c0000000,0x00000000c0000000,0x00000000c5580000)
 Metaspace       used 5572K, capacity 6704K, committed 6784K, reserved 1056768K
  class space    used 570K, capacity 616K, committed 640K, reserved 1048576K

Card table byte_map: [0x0000000011c20000,0x0000000011e30000] byte_map_base: 0x0000000011620000

Marking Bits: (ParMarkBitMap*) 0x00000000674c18f0
 Begin Bits: [0x0000000012390000, 0x0000000013390000)
 End Bits:   [0x0000000013390000, 0x0000000014390000)

Polling page: 0x0000000000860000

CodeCache: size=245760Kb used=2846Kb max_used=2846Kb free=242913Kb
 bounds [0x0000000002860000, 0x0000000002b30000, 0x0000000011860000]
 total_blobs=961 nmethods=697 adapters=178
 compilation: enabled

Compilation events (10 events):
Event: 8.104 Thread 0x0000000014f88800  694       3       com.android.dx.ssa.PhiInsn::getSources (95 bytes)
Event: 8.104 Thread 0x0000000014f7d800 nmethod 693 0x0000000002b24510 code [0x0000000002b24640, 0x0000000002b246d8]
Event: 8.105 Thread 0x0000000014f88800 nmethod 694 0x0000000002b22290 code [0x0000000002b22500, 0x0000000002b23558]
Event: 8.105 Thread 0x0000000014f88800  695       3       com.android.dx.ssa.SCCP::simulatePhi (169 bytes)
Event: 8.106 Thread 0x0000000014f88800 nmethod 695 0x0000000002b24790 code [0x0000000002b24a00, 0x0000000002b25b98]
Event: 8.106 Thread 0x0000000014f88800  696       3       com.android.dx.ssa.SCCP::simulatePhiBlock (50 bytes)
Event: 8.106 Thread 0x0000000014f88800 nmethod 696 0x0000000002b26810 code [0x0000000002b26a00, 0x0000000002b27338]
Event: 8.107 Thread 0x0000000014f88800  697       3       com.android.dx.ssa.SsaMethod::computeReachability (84 bytes)
Event: 8.107 Thread 0x0000000014f88800 nmethod 697 0x0000000002b276d0 code [0x0000000002b27960, 0x0000000002b287c8]
Event: 8.108 Thread 0x0000000014f7d800  698       4       com.android.dx.ssa.SsaBasicBlock::forEachInsn (37 bytes)

GC Heap History (0 events):
No events

Deoptimization events (1 events):
Event: 3.065 Thread 0x0000000002761000 Uncommon trap: reason=unstable_if action=reinterpret pc=0x0000000002999f94 method=java.lang.String.indexOf(II)I @ 49

Internal exceptions (2 events):
Event: 1.523 Thread 0x0000000002761000 Exception <a 'java/lang/NoSuchMethodError': Method sun.misc.Unsafe.defineClass(Ljava/lang/String;[BII)Ljava/lang/Class; name or signature does not match> (0x00000000eab07c78) thrown at [C:\src\android\AOSP-openjdk\external\jetbrains\jdk\hotspot\src\share\v¥õf_ø?
Event: 1.523 Thread 0x0000000002761000 Exception <a 'java/lang/NoSuchMethodError': Method sun.misc.Unsafe.prefetchRead(Ljava/lang/Object;J)V name or signature does not match> (0x00000000eab07f60) thrown at [C:\src\android\AOSP-openjdk\external\jetbrains\jdk\hotspot\src\share\vm\prims\jni.cpp, l

Events (10 events):
Event: 8.000 loading class com/android/dx/dex/file/UniformListItem
Event: 8.000 loading class com/android/dx/dex/file/UniformListItem done
Event: 8.001 loading class com/android/dx/dex/file/AnnotationSetRefItem
Event: 8.001 loading class com/android/dx/dex/file/AnnotationSetRefItem done
Event: 8.013 Executing VM operation: RevokeBias
Event: 8.082 Executing VM operation: RevokeBias done
Event: 8.082 Executing VM operation: RevokeBias
Event: 8.082 Executing VM operation: RevokeBias done
Event: 8.104 loading class java/util/ArrayList$1
Event: 8.104 loading class java/util/ArrayList$1 done


Dynamic libraries:
0x00007ff731840000 - 0x00007ff731871000 	C:\Program Files\Android\Android Studio\jre\bin\java.exe
0x00007fff9c960000 - 0x00007fff9cb41000 	C:\Windows\SYSTEM32\ntdll.dll
0x00007fff9a600000 - 0x00007fff9a6b2000 	C:\Windows\System32\KERNEL32.DLL
0x00007fff99b10000 - 0x00007fff99d83000 	C:\Windows\System32\KERNELBASE.dll
0x00007fff9bcb0000 - 0x00007fff9bd51000 	C:\Windows\System32\ADVAPI32.dll
0x00007fff9a200000 - 0x00007fff9a29e000 	C:\Windows\System32\msvcrt.dll
0x00007fff9c4e0000 - 0x00007fff9c53b000 	C:\Windows\System32\sechost.dll
0x00007fff99f20000 - 0x00007fff9a044000 	C:\Windows\System32\RPCRT4.dll
0x00007fff9c2d0000 - 0x00007fff9c460000 	C:\Windows\System32\USER32.dll
0x00007fff98e80000 - 0x00007fff98ea0000 	C:\Windows\System32\win32u.dll
0x00007fff9a050000 - 0x00007fff9a078000 	C:\Windows\System32\GDI32.dll
0x00007fff991c0000 - 0x00007fff99352000 	C:\Windows\System32\gdi32full.dll
0x00007fff99a70000 - 0x00007fff99b0f000 	C:\Windows\System32\msvcp_win.dll
0x00007fff98d80000 - 0x00007fff98e7a000 	C:\Windows\System32\ucrtbase.dll
0x00007fff85030000 - 0x00007fff85299000 	C:\Windows\WinSxS\amd64_microsoft.windows.common-controls_6595b64144ccf1df_6.0.17134.165_none_fb429645306569ac\COMCTL32.dll
0x00007fff9a2d0000 - 0x00007fff9a5f3000 	C:\Windows\System32\combase.dll
0x00007fff98ea0000 - 0x00007fff98f1a000 	C:\Windows\System32\bcryptPrimitives.dll
0x00007fff9a2a0000 - 0x00007fff9a2cd000 	C:\Windows\System32\IMM32.DLL
0x0000000066c20000 - 0x0000000066cf2000 	C:\Program Files\Android\Android Studio\jre\jre\bin\msvcr100.dll
0x0000000066d00000 - 0x000000006753c000 	C:\Program Files\Android\Android Studio\jre\jre\bin\server\jvm.dll
0x00007fff9bb00000 - 0x00007fff9bb08000 	C:\Windows\System32\PSAPI.DLL
0x00007fff8dde0000 - 0x00007fff8dde9000 	C:\Windows\SYSTEM32\WSOCK32.dll
0x00007fff9bd70000 - 0x00007fff9bddc000 	C:\Windows\System32\WS2_32.dll
0x00007fff96cf0000 - 0x00007fff96d13000 	C:\Windows\SYSTEM32\WINMM.dll
0x00007fff8c900000 - 0x00007fff8c90a000 	C:\Windows\SYSTEM32\VERSION.dll
0x00007fff96cc0000 - 0x00007fff96cea000 	C:\Windows\SYSTEM32\WINMMBASE.dll
0x00007fff98d30000 - 0x00007fff98d79000 	C:\Windows\System32\cfgmgr32.dll
0x00007fff86c80000 - 0x00007fff86c8f000 	C:\Program Files\Android\Android Studio\jre\jre\bin\verify.dll
0x00007fff85be0000 - 0x00007fff85c09000 	C:\Program Files\Android\Android Studio\jre\jre\bin\java.dll
0x00007fff85d60000 - 0x00007fff85d76000 	C:\Program Files\Android\Android Studio\jre\jre\bin\zip.dll
0x00007fff9a6c0000 - 0x00007fff9bb00000 	C:\Windows\System32\SHELL32.dll
0x00007fff9c710000 - 0x00007fff9c7b9000 	C:\Windows\System32\shcore.dll
0x00007fff99360000 - 0x00007fff99a6d000 	C:\Windows\System32\windows.storage.dll
0x00007fff9c540000 - 0x00007fff9c591000 	C:\Windows\System32\shlwapi.dll
0x00007fff98cd0000 - 0x00007fff98ce1000 	C:\Windows\System32\kernel.appcore.dll
0x00007fff98d10000 - 0x00007fff98d2f000 	C:\Windows\System32\profapi.dll
0x00007fff98c80000 - 0x00007fff98ccc000 	C:\Windows\System32\powrprof.dll
0x00007fff98c70000 - 0x00007fff98c7a000 	C:\Windows\System32\FLTLIB.DLL

VM Arguments:
jvm_args: -Djava.awt.headless=true -Xmx1024M -Dfile.encoding=windows-1252 -Duser.country=BR -Duser.language=pt -Duser.variant 
java_command: com.android.dx.command.Main --dex --force-jumbo --num-threads=4 --multi-dex --output D:\ARQUIVOS\palmphone_V3\platforms\android\build\intermediates\transforms\dex\debug\folders\1000\10\classes_0134b497b7057bbea4f1b2b3678b91437f9d7a66 C:\Users\NoteBook\.android\build-cache\8afa6f5a86fc23983eb4aef9a529ed0e3e4dc959\output\jars\classes.jar
java_class_path (initial): C:\Users\NoteBook\AppData\Local\Android\sdk\build-tools\28.0.1\lib\dx.jar
Launcher Type: SUN_STANDARD

Environment Variables:
PATH=C:\ProgramData\Oracle\Java\javapath;C:\Windows\system32;C:\Windows;C:\Windows\System32\Wbem;C:\Windows\System32\WindowsPowerShell\v1.0\;C:\Windows\System32\OpenSSH\;C:\Program Files (x86)\NVIDIA Corporation\PhysX\Common;C:\Program Files\dotnet\;C:\Program Files\Microsoft SQL Server\130\Tools\Binn\;C:\node\;C:\Program Files\Git\cmd;C:\Program Files\TortoiseSVN\bin;C:\Users\NoteBook\AppData\Local\Microsoft\WindowsApps;;C:\Program Files\Microsoft VS Code\bin;C:\Users\NoteBook\AppData\Roaming\npm
USERNAME=NoteBook
OS=Windows_NT
PROCESSOR_IDENTIFIER=Intel64 Family 6 Model 142 Stepping 9, GenuineIntel



---------------  S Y S T E M  ---------------

OS: Windows 10.0 , 64 bit Build 17134 (10.0.17134.1)

CPU:total 4 (2 cores per cpu, 2 threads per core) family 6 model 142 stepping 9, cmov, cx8, fxsr, mmx, sse, sse2, sse3, ssse3, sse4.1, sse4.2, popcnt, avx, avx2, aes, clmul, erms, 3dnowpref, lzcnt, ht, tsc, tscinvbit, bmi1, bmi2, adx

Memory: 4k page, physical 8260324k(1156976k free), swap 8260324k(3208k free)

vm_info: OpenJDK 64-Bit Server VM (25.112-b06) for windows-amd64 JRE (1.8.0_112-release-b06), built on Dec  8 2016 00:54:26 by "builder" with MS VC++ 10.0 (VS2010)

time: Mon Jul 23 20:14:33 2018
elapsed time: 8 seconds (0d 0h 0m 8s)

