#
# There is insufficient memory for the Java Runtime Environment to continue.
# Native memory allocation (malloc) failed to allocate 253904 bytes for Chunk::new
# Possible reasons:
#   The system is out of physical RAM or swap space
#   In 32 bit mode, the process size limit was hit
# Possible solutions:
#   Reduce memory load on the system
#   Increase physical memory or swap space
#   Check if swap backing store is full
#   Use 64 bit Java on a 64 bit OS
#   Decrease Java heap size (-Xmx/-Xms)
#   Decrease number of Java threads
#   Decrease Java thread stack sizes (-Xss)
#   Set larger code cache with -XX:ReservedCodeCacheSize=
# This output file may be truncated or incomplete.
#
#  Out of Memory Error (allocation.cpp:390), pid=5768, tid=0x0000000000001d24
#
# JRE version: OpenJDK Runtime Environment (8.0_112-b06) (build 1.8.0_112-release-b06)
# Java VM: OpenJDK 64-Bit Server VM (25.112-b06 mixed mode windows-amd64 compressed oops)
# Failed to write core dump. Minidumps are not enabled by default on client versions of Windows
#

---------------  T H R E A D  ---------------

Current thread (0x0000000014b58000):  JavaThread "C2 CompilerThread0" daemon [_thread_in_native, id=7460, stack(0x00000000161b0000,0x00000000162b0000)]

Stack: [0x00000000161b0000,0x00000000162b0000]
[error occurred during error reporting (printing stack bounds), id 0xc0000005]

Native frames: (J=compiled Java code, j=interpreted, Vv=VM code, C=native code)


Current CompileTask:
C2:  19587 2900 %     4       com.android.dx.dex.code.OutputFinisher::performExpansion @ 31 (273 bytes)


---------------  P R O C E S S  ---------------

Java Threads: ( => current thread )
  0x0000000014bad800 JavaThread "Service Thread" daemon [_thread_blocked, id=10120, stack(0x00000000168b0000,0x00000000169b0000)]
  0x0000000014ba8800 JavaThread "C1 CompilerThread2" daemon [_thread_blocked, id=11216, stack(0x00000000163b0000,0x00000000164b0000)]
  0x0000000014ba5800 JavaThread "C2 CompilerThread1" daemon [_thread_in_native, id=8912, stack(0x00000000162b0000,0x00000000163b0000)]
=>0x0000000014b58000 JavaThread "C2 CompilerThread0" daemon [_thread_in_native, id=7460, stack(0x00000000161b0000,0x00000000162b0000)]
  0x0000000014b56800 JavaThread "Attach Listener" daemon [_thread_blocked, id=6336, stack(0x00000000160b0000,0x00000000161b0000)]
  0x0000000014b55800 JavaThread "Signal Dispatcher" daemon [_thread_blocked, id=8568, stack(0x0000000015fb0000,0x00000000160b0000)]
  0x00000000023a6000 JavaThread "Finalizer" daemon [_thread_blocked, id=3204, stack(0x0000000015da0000,0x0000000015ea0000)]
  0x00000000023a1000 JavaThread "Reference Handler" daemon [_thread_blocked, id=9180, stack(0x0000000015ca0000,0x0000000015da0000)]
  0x00000000022b1000 JavaThread "main" [_thread_in_vm, id=10264, stack(0x0000000002160000,0x0000000002260000)]

Other Threads:
  0x0000000014b15000 VMThread [stack: 0x0000000015ba0000,0x0000000015ca0000] [id=11228]
  0x00000000164b0800 WatcherThread [stack: 0x00000000169b0000,0x0000000016ab0000] [id=8284]

VM state:not at safepoint (normal execution)

VM Mutex/Monitor currently owned by a thread: None

Heap:
 PSYoungGen      total 148480K, used 107063K [0x00000000eab00000, 0x00000000fe100000, 0x0000000100000000)
  eden space 132096K, 68% used [0x00000000eab00000,0x00000000f0391f80,0x00000000f2c00000)
  from space 16384K, 99% used [0x00000000f2c00000,0x00000000f3bfbfc0,0x00000000f3c00000)
  to   space 26624K, 0% used [0x00000000fc700000,0x00000000fc700000,0x00000000fe100000)
 ParOldGen       total 87552K, used 41408K [0x00000000c0000000, 0x00000000c5580000, 0x00000000eab00000)
  object space 87552K, 47% used [0x00000000c0000000,0x00000000c28703f8,0x00000000c5580000)
 Metaspace       used 6935K, capacity 7576K, committed 7936K, reserved 1056768K
  class space    used 624K, capacity 656K, committed 768K, reserved 1048576K

Card table byte_map: [0x0000000011840000,0x0000000011a50000] byte_map_base: 0x0000000011240000

Marking Bits: (ParMarkBitMap*) 0x00000000674c18f0
 Begin Bits: [0x0000000011fb0000, 0x0000000012fb0000)
 End Bits:   [0x0000000012fb0000, 0x0000000013fb0000)

Polling page: 0x0000000000520000

CodeCache: size=245760Kb used=9116Kb max_used=10231Kb free=236643Kb
 bounds [0x0000000002480000, 0x0000000002ea0000, 0x0000000011480000]
 total_blobs=2506 nmethods=2232 adapters=187
 compilation: enabled

Compilation events (10 events):
Event: 19.535 Thread 0x0000000014b58000 nmethod 2895 0x000000000270e450 code [0x000000000270e5a0, 0x000000000270e7d8]
Event: 19.536 Thread 0x0000000014ba8800 2896       3       com.android.dx.dex.code.form.Form20t::isCompatible (41 bytes)
Event: 19.536 Thread 0x0000000014ba8800 nmethod 2896 0x000000000274cf90 code [0x000000000274d1a0, 0x000000000274e1d8]
Event: 19.536 Thread 0x0000000014ba8800 2897       3       com.android.dx.dex.code.TargetInsn::withOpcode (21 bytes)
Event: 19.537 Thread 0x0000000014ba8800 nmethod 2897 0x00000000027000d0 code [0x0000000002700260, 0x0000000002700778]
Event: 19.540 Thread 0x0000000014b58000 2898       4       com.android.dx.dex.code.form.Form21c::isCompatible (166 bytes)
Event: 19.542 Thread 0x0000000014b58000 nmethod 2898 0x00000000026ff810 code [0x00000000026ff980, 0x00000000026ffc18]
Event: 19.542 Thread 0x0000000014b58000 2899       4       com.android.dx.dex.code.form.Form23x::isCompatible (68 bytes)
Event: 19.544 Thread 0x0000000014b58000 nmethod 2899 0x0000000002748b50 code [0x0000000002748cc0, 0x0000000002748eb8]
Event: 19.546 Thread 0x0000000014b58000 2900 %     4       com.android.dx.dex.code.OutputFinisher::performExpansion @ 31 (273 bytes)

GC Heap History (10 events):
Event: 2.718 GC heap before
{Heap before GC invocations=3 (full 0):
 PSYoungGen      total 38400K, used 38397K [0x00000000eab00000, 0x00000000ef600000, 0x0000000100000000)
  eden space 33280K, 100% used [0x00000000eab00000,0x00000000ecb80000,0x00000000ecb80000)
  from space 5120K, 99% used [0x00000000ed080000,0x00000000ed57f5f0,0x00000000ed580000)
  to   space 5120K, 0% used [0x00000000ecb80000,0x00000000ecb80000,0x00000000ed080000)
 ParOldGen       total 87552K, used 5610K [0x00000000c0000000, 0x00000000c5580000, 0x00000000eab00000)
  object space 87552K, 6% used [0x00000000c0000000,0x00000000c057a998,0x00000000c5580000)
 Metaspace       used 6380K, capacity 7158K, committed 7296K, reserved 1056768K
  class space    used 606K, capacity 622K, committed 640K, reserved 1048576K
Event: 2.732 GC heap after
Heap after GC invocations=3 (full 0):
 PSYoungGen      total 38400K, used 5104K [0x00000000eab00000, 0x00000000ef600000, 0x0000000100000000)
  eden space 33280K, 0% used [0x00000000eab00000,0x00000000eab00000,0x00000000ecb80000)
  from space 5120K, 99% used [0x00000000ecb80000,0x00000000ed07c048,0x00000000ed080000)
  to   space 5120K, 0% used [0x00000000ef100000,0x00000000ef100000,0x00000000ef600000)
 ParOldGen       total 87552K, used 10576K [0x00000000c0000000, 0x00000000c5580000, 0x00000000eab00000)
  object space 87552K, 12% used [0x00000000c0000000,0x00000000c0a54208,0x00000000c5580000)
 Metaspace       used 6380K, capacity 7158K, committed 7296K, reserved 1056768K
  class space    used 606K, capacity 622K, committed 640K, reserved 1048576K
}
Event: 2.880 GC heap before
{Heap before GC invocations=4 (full 0):
 PSYoungGen      total 38400K, used 38384K [0x00000000eab00000, 0x00000000ef600000, 0x0000000100000000)
  eden space 33280K, 100% used [0x00000000eab00000,0x00000000ecb80000,0x00000000ecb80000)
  from space 5120K, 99% used [0x00000000ecb80000,0x00000000ed07c048,0x00000000ed080000)
  to   space 5120K, 0% used [0x00000000ef100000,0x00000000ef100000,0x00000000ef600000)
 ParOldGen       total 87552K, used 10576K [0x00000000c0000000, 0x00000000c5580000, 0x00000000eab00000)
  object space 87552K, 12% used [0x00000000c0000000,0x00000000c0a54208,0x00000000c5580000)
 Metaspace       used 6450K, capacity 7222K, committed 7296K, reserved 1056768K
  class space    used 606K, capacity 622K, committed 640K, reserved 1048576K
Event: 2.904 GC heap after
Heap after GC invocations=4 (full 0):
 PSYoungGen      total 71680K, used 5088K [0x00000000eab00000, 0x00000000ef600000, 0x0000000100000000)
  eden space 66560K, 0% used [0x00000000eab00000,0x00000000eab00000,0x00000000eec00000)
  from space 5120K, 99% used [0x00000000ef100000,0x00000000ef5f8058,0x00000000ef600000)
  to   space 5120K, 0% used [0x00000000eec00000,0x00000000eec00000,0x00000000ef100000)
 ParOldGen       total 87552K, used 15682K [0x00000000c0000000, 0x00000000c5580000, 0x00000000eab00000)
  object space 87552K, 17% used [0x00000000c0000000,0x00000000c0f50a18,0x00000000c5580000)
 Metaspace       used 6450K, capacity 7222K, committed 7296K, reserved 1056768K
  class space    used 606K, capacity 622K, committed 640K, reserved 1048576K
}
Event: 3.671 GC heap before
{Heap before GC invocations=5 (full 0):
 PSYoungGen      total 71680K, used 71648K [0x00000000eab00000, 0x00000000ef600000, 0x0000000100000000)
  eden space 66560K, 100% used [0x00000000eab00000,0x00000000eec00000,0x00000000eec00000)
  from space 5120K, 99% used [0x00000000ef100000,0x00000000ef5f8058,0x00000000ef600000)
  to   space 5120K, 0% used [0x00000000eec00000,0x00000000eec00000,0x00000000ef100000)
 ParOldGen       total 87552K, used 15682K [0x00000000c0000000, 0x00000000c5580000, 0x00000000eab00000)
  object space 87552K, 17% used [0x00000000c0000000,0x00000000c0f50a18,0x00000000c5580000)
 Metaspace       used 6487K, capacity 7222K, committed 7296K, reserved 1056768K
  class space    used 606K, capacity 622K, committed 640K, reserved 1048576K
Event: 3.699 GC heap after
Heap after GC invocations=5 (full 0):
 PSYoungGen      total 71680K, used 5088K [0x00000000eab00000, 0x00000000f4b00000, 0x0000000100000000)
  eden space 66560K, 0% used [0x00000000eab00000,0x00000000eab00000,0x00000000eec00000)
  from space 5120K, 99% used [0x00000000eec00000,0x00000000ef0f8038,0x00000000ef100000)
  to   space 15360K, 0% used [0x00000000f3c00000,0x00000000f3c00000,0x00000000f4b00000)
 ParOldGen       total 87552K, used 24979K [0x00000000c0000000, 0x00000000c5580000, 0x00000000eab00000)
  object space 87552K, 28% used [0x00000000c0000000,0x00000000c1864c08,0x00000000c5580000)
 Metaspace       used 6487K, capacity 7222K, committed 7296K, reserved 1056768K
  class space    used 606K, capacity 622K, committed 640K, reserved 1048576K
}
Event: 4.747 GC heap before
{Heap before GC invocations=6 (full 0):
 PSYoungGen      total 71680K, used 71648K [0x00000000eab00000, 0x00000000f4b00000, 0x0000000100000000)
  eden space 66560K, 100% used [0x00000000eab00000,0x00000000eec00000,0x00000000eec00000)
  from space 5120K, 99% used [0x00000000eec00000,0x00000000ef0f8038,0x00000000ef100000)
  to   space 15360K, 0% used [0x00000000f3c00000,0x00000000f3c00000,0x00000000f4b00000)
 ParOldGen       total 87552K, used 24979K [0x00000000c0000000, 0x00000000c5580000, 0x00000000eab00000)
  object space 87552K, 28% used [0x00000000c0000000,0x00000000c1864c08,0x00000000c5580000)
 Metaspace       used 6522K, capacity 7222K, committed 7296K, reserved 1056768K
  class space    used 606K, capacity 622K, committed 640K, reserved 1048576K
Event: 5.092 GC heap after
Heap after GC invocations=6 (full 0):
 PSYoungGen      total 147456K, used 13621K [0x00000000eab00000, 0x00000000f4d00000, 0x0000000100000000)
  eden space 132096K, 0% used [0x00000000eab00000,0x00000000eab00000,0x00000000f2c00000)
  from space 15360K, 88% used [0x00000000f3c00000,0x00000000f494d478,0x00000000f4b00000)
  to   space 16384K, 0% used [0x00000000f2c00000,0x00000000f2c00000,0x00000000f3c00000)
 ParOldGen       total 87552K, used 24979K [0x00000000c0000000, 0x00000000c5580000, 0x00000000eab00000)
  object space 87552K, 28% used [0x00000000c0000000,0x00000000c1864c08,0x00000000c5580000)
 Metaspace       used 6522K, capacity 7222K, committed 7296K, reserved 1056768K
  class space    used 606K, capacity 622K, committed 640K, reserved 1048576K
}
Event: 8.502 GC heap before
{Heap before GC invocations=7 (full 0):
 PSYoungGen      total 147456K, used 145717K [0x00000000eab00000, 0x00000000f4d00000, 0x0000000100000000)
  eden space 132096K, 100% used [0x00000000eab00000,0x00000000f2c00000,0x00000000f2c00000)
  from space 15360K, 88% used [0x00000000f3c00000,0x00000000f494d478,0x00000000f4b00000)
  to   space 16384K, 0% used [0x00000000f2c00000,0x00000000f2c00000,0x00000000f3c00000)
 ParOldGen       total 87552K, used 24979K [0x00000000c0000000, 0x00000000c5580000, 0x00000000eab00000)
  object space 87552K, 28% used [0x00000000c0000000,0x00000000c1864c08,0x00000000c5580000)
 Metaspace       used 6601K, capacity 7286K, committed 7552K, reserved 1056768K
  class space    used 606K, capacity 622K, committed 640K, reserved 1048576K
Event: 9.584 GC heap after
Heap after GC invocations=7 (full 0):
 PSYoungGen      total 148480K, used 16367K [0x00000000eab00000, 0x00000000fe100000, 0x0000000100000000)
  eden space 132096K, 0% used [0x00000000eab00000,0x00000000eab00000,0x00000000f2c00000)
  from space 16384K, 99% used [0x00000000f2c00000,0x00000000f3bfbfc0,0x00000000f3c00000)
  to   space 26624K, 0% used [0x00000000fc700000,0x00000000fc700000,0x00000000fe100000)
 ParOldGen       total 87552K, used 41408K [0x00000000c0000000, 0x00000000c5580000, 0x00000000eab00000)
  object space 87552K, 47% used [0x00000000c0000000,0x00000000c28703f8,0x00000000c5580000)
 Metaspace       used 6601K, capacity 7286K, committed 7552K, reserved 1056768K
  class space    used 606K, capacity 622K, committed 640K, reserved 1048576K
}

Deoptimization events (10 events):
Event: 14.689 Thread 0x00000000022b1000 Uncommon trap: reason=bimorphic action=maybe_recompile pc=0x0000000002d83cec method=java.util.HashMap.putVal(ILjava/lang/Object;Ljava/lang/Object;ZZ)Ljava/lang/Object; @ 203
Event: 14.720 Thread 0x00000000022b1000 Uncommon trap: reason=unstable_if action=reinterpret pc=0x000000000260ba88 method=java.util.HashMap.putVal(ILjava/lang/Object;Ljava/lang/Object;ZZ)Ljava/lang/Object; @ 109
Event: 14.720 Thread 0x00000000022b1000 Uncommon trap: reason=unstable_if action=reinterpret pc=0x0000000002e06f20 method=java.util.HashMap.resize()[Ljava/util/HashMap$Node; @ 206
Event: 14.720 Thread 0x00000000022b1000 Uncommon trap: reason=unstable_if action=reinterpret pc=0x000000000268f6d4 method=java.util.HashMap.putVal(ILjava/lang/Object;Ljava/lang/Object;ZZ)Ljava/lang/Object; @ 109
Event: 16.284 Thread 0x00000000022b1000 Uncommon trap: reason=class_check action=maybe_recompile pc=0x000000000283ae0c method=java.util.Arrays.equals([Ljava/lang/Object;[Ljava/lang/Object;)Z @ 62
Event: 16.284 Thread 0x00000000022b1000 Uncommon trap: reason=unstable_if action=reinterpret pc=0x000000000283ae40 method=java.util.Arrays.equals([Ljava/lang/Object;[Ljava/lang/Object;)Z @ 23
Event: 16.944 Thread 0x00000000022b1000 Uncommon trap: reason=unstable_if action=reinterpret pc=0x0000000002adb740 method=com.android.dx.dex.code.OutputFinisher.findOpcodeForInsn(Lcom/android/dx/dex/code/DalvInsn;Lcom/android/dx/dex/code/Dop;)Lcom/android/dx/dex/code/Dop; @ 1
Event: 17.301 Thread 0x00000000022b1000 Uncommon trap: reason=unstable_if action=reinterpret pc=0x0000000002cc0d0c method=java.util.TreeMap.put(Ljava/lang/Object;Ljava/lang/Object;)Ljava/lang/Object; @ 163
Event: 17.696 Thread 0x00000000022b1000 Uncommon trap: reason=unstable_if action=reinterpret pc=0x000000000278b2ac method=com.android.dx.rop.code.RegisterSpec.matchesVariable(Lcom/android/dx/rop/code/RegisterSpec;)Z @ 59
Event: 17.696 Thread 0x00000000022b1000 Uncommon trap: reason=unstable_if action=reinterpret pc=0x0000000002661204 method=com.android.dx.rop.code.RegisterSpec.matchesVariable(Lcom/android/dx/rop/code/RegisterSpec;)Z @ 59

Internal exceptions (9 events):
Event: 1.078 Thread 0x00000000022b1000 Exception <a 'java/lang/NoSuchMethodError': Method sun.misc.Unsafe.defineClass(Ljava/lang/String;[BII)Ljava/lang/Class; name or signature does not match> (0x00000000eab07c78) thrown at [C:\src\android\AOSP-openjdk\external\jetbrains\jdk\hotspot\src\share\v~ÇDÚ?ñ?
Event: 1.078 Thread 0x00000000022b1000 Exception <a 'java/lang/NoSuchMethodError': Method sun.misc.Unsafe.prefetchRead(Ljava/lang/Object;J)V name or signature does not match> (0x00000000eab07f60) thrown at [C:\src\android\AOSP-openjdk\external\jetbrains\jdk\hotspot\src\share\vm\prims\jni.cpp, l¯Ÿ
¡›@
Event: 2.201 Thread 0x00000000167e0000 Implicit null exception at 0x00000000028b9cfc to 0x00000000028bc035
Event: 2.201 Thread 0x00000000167e0000 Implicit null exception at 0x000000000286b0e1 to 0x000000000286d665
Event: 2.321 Thread 0x00000000167ba800 Implicit null exception at 0x00000000027ca4a2 to 0x00000000027ca59a
Event: 2.620 Thread 0x00000000167e1000 Exception <a 'java/lang/ArrayIndexOutOfBoundsException': 18> (0x00000000eb86cff8) thrown at [C:\src\android\AOSP-openjdk\external\jetbrains\jdk\hotspot\src\share\vm\interpreter\interpreterRuntime.cpp, line 366]
Event: 2.621 Thread 0x00000000167e1000 Exception <a 'java/lang/ArrayIndexOutOfBoundsException'> (0x00000000eb86eb78) thrown at [C:\src\android\AOSP-openjdk\external\jetbrains\jdk\hotspot\src\share\vm\runtime\sharedRuntime.cpp, line 605]
Event: 2.621 Thread 0x00000000167e1000 Exception <a 'java/lang/ArrayIndexOutOfBoundsException'> (0x00000000eb86fe60) thrown at [C:\src\android\AOSP-openjdk\external\jetbrains\jdk\hotspot\src\share\vm\runtime\sharedRuntime.cpp, line 605]
Event: 7.070 Thread 0x00000000167e1800 Implicit null exception at 0x0000000002b0fbdf to 0x0000000002b14909

Events (10 events):
Event: 18.781 Thread 0x00000000022b1000 DEOPT PACKING pc=0x0000000002a6aec9 sp=0x000000000225f240
Event: 18.781 Thread 0x00000000022b1000 DEOPT UNPACKING pc=0x00000000024c75bf sp=0x000000000225ef90 mode 0
Event: 18.781 Thread 0x00000000022b1000 DEOPT PACKING pc=0x000000000295081b sp=0x000000000225f1d0
Event: 18.781 Thread 0x00000000022b1000 DEOPT UNPACKING pc=0x00000000024c75bf sp=0x000000000225ef38 mode 0
Event: 19.032 Thread 0x00000000022b1000 DEOPT PACKING pc=0x00000000027f90fb sp=0x000000000225f1b0
Event: 19.032 Thread 0x00000000022b1000 DEOPT UNPACKING pc=0x00000000024c75bf sp=0x000000000225ef28 mode 0
Event: 19.039 Thread 0x00000000022b1000 DEOPT PACKING pc=0x00000000027f90fb sp=0x000000000225f1b0
Event: 19.039 Thread 0x00000000022b1000 DEOPT UNPACKING pc=0x00000000024c75bf sp=0x000000000225ef28 mode 0
Event: 19.533 loading class com/android/dx/rop/code/RegisterSpecList$1
Event: 19.533 loading class com/android/dx/rop/code/RegisterSpecList$1 done


Dynamic libraries:
0x00007ff731840000 - 0x00007ff731871000 	C:\Program Files\Android\Android Studio\jre\bin\java.exe
0x00007fff9c960000 - 0x00007fff9cb41000 	C:\Windows\SYSTEM32\ntdll.dll
0x00007fff9a600000 - 0x00007fff9a6b2000 	C:\Windows\System32\KERNEL32.DLL
0x00007fff99b10000 - 0x00007fff99d83000 	C:\Windows\System32\KERNELBASE.dll
0x00007fff9bcb0000 - 0x00007fff9bd51000 	C:\Windows\System32\ADVAPI32.dll
0x00007fff9a200000 - 0x00007fff9a29e000 	C:\Windows\System32\msvcrt.dll
0x00007fff9c4e0000 - 0x00007fff9c53b000 	C:\Windows\System32\sechost.dll
0x00007fff99f20000 - 0x00007fff9a044000 	C:\Windows\System32\RPCRT4.dll
0x00007fff9c2d0000 - 0x00007fff9c460000 	C:\Windows\System32\USER32.dll
0x00007fff98e80000 - 0x00007fff98ea0000 	C:\Windows\System32\win32u.dll
0x00007fff9a050000 - 0x00007fff9a078000 	C:\Windows\System32\GDI32.dll
0x00007fff991c0000 - 0x00007fff99352000 	C:\Windows\System32\gdi32full.dll
0x00007fff99a70000 - 0x00007fff99b0f000 	C:\Windows\System32\msvcp_win.dll
0x00007fff98d80000 - 0x00007fff98e7a000 	C:\Windows\System32\ucrtbase.dll
0x00007fff85030000 - 0x00007fff85299000 	C:\Windows\WinSxS\amd64_microsoft.windows.common-controls_6595b64144ccf1df_6.0.17134.165_none_fb429645306569ac\COMCTL32.dll
0x00007fff9a2d0000 - 0x00007fff9a5f3000 	C:\Windows\System32\combase.dll
0x00007fff98ea0000 - 0x00007fff98f1a000 	C:\Windows\System32\bcryptPrimitives.dll
0x00007fff9a2a0000 - 0x00007fff9a2cd000 	C:\Windows\System32\IMM32.DLL
0x0000000066c20000 - 0x0000000066cf2000 	C:\Program Files\Android\Android Studio\jre\jre\bin\msvcr100.dll
0x0000000066d00000 - 0x000000006753c000 	C:\Program Files\Android\Android Studio\jre\jre\bin\server\jvm.dll
0x00007fff9bb00000 - 0x00007fff9bb08000 	C:\Windows\System32\PSAPI.DLL
0x00007fff8dde0000 - 0x00007fff8dde9000 	C:\Windows\SYSTEM32\WSOCK32.dll
0x00007fff9bd70000 - 0x00007fff9bddc000 	C:\Windows\System32\WS2_32.dll
0x00007fff96cf0000 - 0x00007fff96d13000 	C:\Windows\SYSTEM32\WINMM.dll
0x00007fff8c900000 - 0x00007fff8c90a000 	C:\Windows\SYSTEM32\VERSION.dll
0x00007fff96cc0000 - 0x00007fff96cea000 	C:\Windows\SYSTEM32\WINMMBASE.dll
0x00007fff98d30000 - 0x00007fff98d79000 	C:\Windows\System32\cfgmgr32.dll
0x00007fff86c80000 - 0x00007fff86c8f000 	C:\Program Files\Android\Android Studio\jre\jre\bin\verify.dll
0x00007fff85be0000 - 0x00007fff85c09000 	C:\Program Files\Android\Android Studio\jre\jre\bin\java.dll
0x00007fff85d60000 - 0x00007fff85d76000 	C:\Program Files\Android\Android Studio\jre\jre\bin\zip.dll
0x00007fff9a6c0000 - 0x00007fff9bb00000 	C:\Windows\System32\SHELL32.dll
0x00007fff9c710000 - 0x00007fff9c7b9000 	C:\Windows\System32\shcore.dll
0x00007fff99360000 - 0x00007fff99a6d000 	C:\Windows\System32\windows.storage.dll
0x00007fff9c540000 - 0x00007fff9c591000 	C:\Windows\System32\shlwapi.dll
0x00007fff98cd0000 - 0x00007fff98ce1000 	C:\Windows\System32\kernel.appcore.dll
0x00007fff98d10000 - 0x00007fff98d2f000 	C:\Windows\System32\profapi.dll
0x00007fff98c80000 - 0x00007fff98ccc000 	C:\Windows\System32\powrprof.dll
0x00007fff98c70000 - 0x00007fff98c7a000 	C:\Windows\System32\FLTLIB.DLL

VM Arguments:
jvm_args: -Djava.awt.headless=true -Xmx1024M -Dfile.encoding=windows-1252 -Duser.country=BR -Duser.language=pt -Duser.variant 
java_command: com.android.dx.command.Main --dex --num-threads=4 --output D:\ARQUIVOS\palmphone_V3\platforms\android\build\intermediates\pre-dexed\debug\intermediates-exploded-aar-barcodescanner-release-2.1.5_847dba8317f106dcf6c9f500226d5e65cd397cf3.jar D:\ARQUIVOS\palmphone_V3\platforms\android\build\intermediates\exploded-aar\barcodescanner-release-2.1.5\jars\classes.jar
java_class_path (initial): C:\Users\NoteBook\AppData\Local\Android\sdk\build-tools\28.0.1\lib\dx.jar
Launcher Type: SUN_STANDARD

Environment Variables:
PATH=C:\ProgramData\Oracle\Java\javapath;C:\Windows\system32;C:\Windows;C:\Windows\System32\Wbem;C:\Windows\System32\WindowsPowerShell\v1.0\;C:\Windows\System32\OpenSSH\;C:\Program Files (x86)\NVIDIA Corporation\PhysX\Common;C:\Program Files\dotnet\;C:\Program Files\Microsoft SQL Server\130\Tools\Binn\;C:\node\;C:\Program Files\Git\cmd;C:\Program Files\TortoiseSVN\bin;C:\Users\NoteBook\AppData\Local\Microsoft\WindowsApps;;C:\Program Files\Microsoft VS Code\bin;C:\Users\NoteBook\AppData\Roaming\npm
USERNAME=NoteBook
OS=Windows_NT
PROCESSOR_IDENTIFIER=Intel64 Family 6 Model 142 Stepping 9, GenuineIntel



---------------  S Y S T E M  ---------------

OS: Windows 10.0 , 64 bit Build 17134 (10.0.17134.1)

CPU:total 4 (2 cores per cpu, 2 threads per core) family 6 model 142 stepping 9, cmov, cx8, fxsr, mmx, sse, sse2, sse3, ssse3, sse4.1, sse4.2, popcnt, avx, avx2, aes, clmul, erms, 3dnowpref, lzcnt, ht, tsc, tscinvbit, bmi1, bmi2, adx

Memory: 4k page, physical 8260324k(1223652k free), swap 8260324k(1716k free)

vm_info: OpenJDK 64-Bit Server VM (25.112-b06) for windows-amd64 JRE (1.8.0_112-release-b06), built on Dec  8 2016 00:54:26 by "builder" with MS VC++ 10.0 (VS2010)

time: Mon Jul 23 19:58:36 2018
elapsed time: 19 seconds (0d 0h 0m 19s)

