#
# There is insufficient memory for the Java Runtime Environment to continue.
# Native memory allocation (malloc) failed to allocate 261616 bytes for Chunk::new
# Possible reasons:
#   The system is out of physical RAM or swap space
#   In 32 bit mode, the process size limit was hit
# Possible solutions:
#   Reduce memory load on the system
#   Increase physical memory or swap space
#   Check if swap backing store is full
#   Use 64 bit Java on a 64 bit OS
#   Decrease Java heap size (-Xmx/-Xms)
#   Decrease number of Java threads
#   Decrease Java thread stack sizes (-Xss)
#   Set larger code cache with -XX:ReservedCodeCacheSize=
# This output file may be truncated or incomplete.
#
#  Out of Memory Error (allocation.cpp:390), pid=4828, tid=0x00000000000015bc
#
# JRE version: OpenJDK Runtime Environment (8.0_112-b06) (build 1.8.0_112-release-b06)
# Java VM: OpenJDK 64-Bit Server VM (25.112-b06 mixed mode windows-amd64 compressed oops)
# Failed to write core dump. Minidumps are not enabled by default on client versions of Windows
#

---------------  T H R E A D  ---------------

Current thread (0x0000000015677000):  JavaThread "C2 CompilerThread0" daemon [_thread_in_native, id=5564, stack(0x0000000016cf0000,0x0000000016df0000)]

Stack: [0x0000000016cf0000,0x0000000016df0000]
[error occurred during error reporting (printing stack bounds), id 0xc0000005]

Native frames: (J=compiled Java code, j=interpreted, Vv=VM code, C=native code)


Current CompileTask:
C2:  17261 1547   !   4       com.android.dx.cf.code.BytecodeArray::parseInstruction (2796 bytes)


---------------  P R O C E S S  ---------------

Java Threads: ( => current thread )
  0x000000001722d800 JavaThread "pool-1-thread-4" [_thread_in_Java, id=9236, stack(0x00000000179f0000,0x0000000017af0000)]
  0x000000001722c800 JavaThread "pool-1-thread-3" [_thread_in_vm, id=5912, stack(0x00000000178f0000,0x00000000179f0000)]
  0x000000001722b800 JavaThread "pool-1-thread-2" [_thread_in_Java, id=4728, stack(0x00000000177f0000,0x00000000178f0000)]
  0x0000000017229000 JavaThread "pool-2-thread-1" [_thread_blocked, id=8524, stack(0x00000000176f0000,0x00000000177f0000)]
  0x000000001721d800 JavaThread "pool-1-thread-1" [_thread_in_vm, id=2840, stack(0x00000000175f0000,0x00000000176f0000)]
  0x0000000016ef6800 JavaThread "Service Thread" daemon [_thread_blocked, id=6032, stack(0x00000000173f0000,0x00000000174f0000)]
  0x00000000156dd000 JavaThread "C1 CompilerThread2" daemon [_thread_blocked, id=10732, stack(0x00000000172f0000,0x00000000173f0000)]
  0x0000000015679800 JavaThread "C2 CompilerThread1" daemon [_thread_in_native, id=4924, stack(0x0000000016df0000,0x0000000016ef0000)]
=>0x0000000015677000 JavaThread "C2 CompilerThread0" daemon [_thread_in_native, id=5564, stack(0x0000000016cf0000,0x0000000016df0000)]
  0x0000000015687800 JavaThread "Attach Listener" daemon [_thread_blocked, id=1444, stack(0x0000000016bf0000,0x0000000016cf0000)]
  0x0000000015686800 JavaThread "Signal Dispatcher" daemon [_thread_blocked, id=9528, stack(0x0000000016af0000,0x0000000016bf0000)]
  0x0000000002fa6000 JavaThread "Finalizer" daemon [_thread_blocked, id=7328, stack(0x00000000168e0000,0x00000000169e0000)]
  0x0000000002fa1000 JavaThread "Reference Handler" daemon [_thread_blocked, id=4752, stack(0x00000000167e0000,0x00000000168e0000)]
  0x0000000002eb1000 JavaThread "main" [_thread_in_Java, id=9472, stack(0x0000000002c90000,0x0000000002d90000)]

Other Threads:
  0x0000000015645000 VMThread [stack: 0x00000000166e0000,0x00000000167e0000] [id=1068]
  0x0000000016ef7000 WatcherThread [stack: 0x00000000174f0000,0x00000000175f0000] [id=1840]

VM state:not at safepoint (normal execution)

VM Mutex/Monitor currently owned by a thread: None

Heap:
 PSYoungGen      total 71680K, used 34866K [0x00000000eab00000, 0x00000000ef600000, 0x0000000100000000)
  eden space 66560K, 44% used [0x00000000eab00000,0x00000000ec80e2d0,0x00000000eec00000)
  from space 5120K, 99% used [0x00000000ef100000,0x00000000ef5fe878,0x00000000ef600000)
  to   space 5120K, 0% used [0x00000000eec00000,0x00000000eec00000,0x00000000ef100000)
 ParOldGen       total 87552K, used 4468K [0x00000000c0000000, 0x00000000c5580000, 0x00000000eab00000)
  object space 87552K, 5% used [0x00000000c0000000,0x00000000c045d298,0x00000000c5580000)
 Metaspace       used 6092K, capacity 7216K, committed 7296K, reserved 1056768K
  class space    used 574K, capacity 616K, committed 640K, reserved 1048576K

Card table byte_map: [0x0000000012370000,0x0000000012580000] byte_map_base: 0x0000000011d70000

Marking Bits: (ParMarkBitMap*) 0x00000000674c18f0
 Begin Bits: [0x0000000012ae0000, 0x0000000013ae0000)
 End Bits:   [0x0000000013ae0000, 0x0000000014ae0000)

Polling page: 0x0000000002c20000

CodeCache: size=245760Kb used=6749Kb max_used=6749Kb free=239010Kb
 bounds [0x0000000002fb0000, 0x0000000003650000, 0x0000000011fb0000]
 total_blobs=1822 nmethods=1558 adapters=178
 compilation: enabled

Compilation events (10 events):
Event: 17.214 Thread 0x00000000156dd000 1581       3       com.android.dx.ssa.PhiTypeResolver::equalsHandlesNulls (23 bytes)
Event: 17.215 Thread 0x00000000156dd000 nmethod 1581 0x0000000003648790 code [0x0000000003648920, 0x0000000003648d68]
Event: 17.215 Thread 0x00000000156dd000 1582       3       com.android.dx.ssa.PhiInsn::mapSourceRegisters (78 bytes)
Event: 17.215 Thread 0x00000000156dd000 nmethod 1582 0x0000000003648e90 code [0x0000000003649080, 0x0000000003649a28]
Event: 17.218 Thread 0x00000000156dd000 1583       3       com.android.dx.rop.type.Type::isReference (15 bytes)
Event: 17.218 Thread 0x00000000156dd000 nmethod 1583 0x0000000003649e50 code [0x0000000003649fa0, 0x000000000364a150]
Event: 17.220 Thread 0x00000000156dd000 1584       3       java.util.concurrent.ThreadPoolExecutor::isRunning (10 bytes)
Event: 17.220 Thread 0x00000000156dd000 nmethod 1584 0x000000000364a1d0 code [0x000000000364a320, 0x000000000364a4b0]
Event: 17.220 Thread 0x00000000156dd000 1585       3       com.android.dx.rop.annotation.Annotation::<init> (54 bytes)
Event: 17.221 Thread 0x00000000156dd000 nmethod 1585 0x000000000364a510 code [0x000000000364a6c0, 0x000000000364ac78]

GC Heap History (4 events):
Event: 16.339 GC heap before
{Heap before GC invocations=1 (full 0):
 PSYoungGen      total 38400K, used 33280K [0x00000000eab00000, 0x00000000ed580000, 0x0000000100000000)
  eden space 33280K, 100% used [0x00000000eab00000,0x00000000ecb80000,0x00000000ecb80000)
  from space 5120K, 0% used [0x00000000ed080000,0x00000000ed080000,0x00000000ed580000)
  to   space 5120K, 0% used [0x00000000ecb80000,0x00000000ecb80000,0x00000000ed080000)
 ParOldGen       total 87552K, used 1996K [0x00000000c0000000, 0x00000000c5580000, 0x00000000eab00000)
  object space 87552K, 2% used [0x00000000c0000000,0x00000000c01f33d8,0x00000000c5580000)
 Metaspace       used 5958K, capacity 7088K, committed 7296K, reserved 1056768K
  class space    used 574K, capacity 616K, committed 640K, reserved 1048576K
Event: 16.511 GC heap after
Heap after GC invocations=1 (full 0):
 PSYoungGen      total 38400K, used 5093K [0x00000000eab00000, 0x00000000ef600000, 0x0000000100000000)
  eden space 33280K, 0% used [0x00000000eab00000,0x00000000eab00000,0x00000000ecb80000)
  from space 5120K, 99% used [0x00000000ecb80000,0x00000000ed0795b8,0x00000000ed080000)
  to   space 5120K, 0% used [0x00000000ef100000,0x00000000ef100000,0x00000000ef600000)
 ParOldGen       total 87552K, used 4420K [0x00000000c0000000, 0x00000000c5580000, 0x00000000eab00000)
  object space 87552K, 5% used [0x00000000c0000000,0x00000000c0451298,0x00000000c5580000)
 Metaspace       used 5958K, capacity 7088K, committed 7296K, reserved 1056768K
  class space    used 574K, capacity 616K, committed 640K, reserved 1048576K
}
Event: 16.511 GC heap before
{Heap before GC invocations=2 (full 0):
 PSYoungGen      total 38400K, used 5867K [0x00000000eab00000, 0x00000000ef600000, 0x0000000100000000)
  eden space 33280K, 2% used [0x00000000eab00000,0x00000000eabc1960,0x00000000ecb80000)
  from space 5120K, 99% used [0x00000000ecb80000,0x00000000ed0795b8,0x00000000ed080000)
  to   space 5120K, 0% used [0x00000000ef100000,0x00000000ef100000,0x00000000ef600000)
 ParOldGen       total 87552K, used 4420K [0x00000000c0000000, 0x00000000c5580000, 0x00000000eab00000)
  object space 87552K, 5% used [0x00000000c0000000,0x00000000c0451298,0x00000000c5580000)
 Metaspace       used 5958K, capacity 7088K, committed 7296K, reserved 1056768K
  class space    used 574K, capacity 616K, committed 640K, reserved 1048576K
Event: 16.608 GC heap after
Heap after GC invocations=2 (full 0):
 PSYoungGen      total 71680K, used 5114K [0x00000000eab00000, 0x00000000ef600000, 0x0000000100000000)
  eden space 66560K, 0% used [0x00000000eab00000,0x00000000eab00000,0x00000000eec00000)
  from space 5120K, 99% used [0x00000000ef100000,0x00000000ef5fe878,0x00000000ef600000)
  to   space 5120K, 0% used [0x00000000eec00000,0x00000000eec00000,0x00000000ef100000)
 ParOldGen       total 87552K, used 4468K [0x00000000c0000000, 0x00000000c5580000, 0x00000000eab00000)
  object space 87552K, 5% used [0x00000000c0000000,0x00000000c045d298,0x00000000c5580000)
 Metaspace       used 5958K, capacity 7088K, committed 7296K, reserved 1056768K
  class space    used 574K, capacity 616K, committed 640K, reserved 1048576K
}

Deoptimization events (10 events):
Event: 17.082 Thread 0x000000001721d800 Uncommon trap: reason=bimorphic action=maybe_recompile pc=0x00000000034ca7ec method=com.android.dx.cf.code.BytecodeArray.parseInstruction(ILcom/android/dx/cf/code/BytecodeArray$Visitor;)I @ 907
Event: 17.082 Thread 0x000000001721d800 Uncommon trap: reason=bimorphic action=maybe_recompile pc=0x00000000034cb0b0 method=com.android.dx.cf.code.BytecodeArray.parseInstruction(ILcom/android/dx/cf/code/BytecodeArray$Visitor;)I @ 1224
Event: 17.082 Thread 0x000000001721d800 Uncommon trap: reason=bimorphic action=maybe_recompile pc=0x00000000034ca76c method=com.android.dx.cf.code.BytecodeArray.parseInstruction(ILcom/android/dx/cf/code/BytecodeArray$Visitor;)I @ 923
Event: 17.082 Thread 0x000000001721d800 Uncommon trap: reason=bimorphic action=maybe_recompile pc=0x00000000034cb0b0 method=com.android.dx.cf.code.BytecodeArray.parseInstruction(ILcom/android/dx/cf/code/BytecodeArray$Visitor;)I @ 1224
Event: 17.157 Thread 0x000000001722b800 Uncommon trap: reason=unstable_if action=reinterpret pc=0x00000000033fa14c method=com.android.dx.rop.code.RegisterSpec.equals(ILcom/android/dx/rop/type/TypeBearer;Lcom/android/dx/rop/code/LocalItem;)Z @ 42
Event: 17.173 Thread 0x000000001722b800 Uncommon trap: reason=class_check action=maybe_recompile pc=0x000000000324b0dc method=java.util.HashMap.getNode(ILjava/lang/Object;)Ljava/util/HashMap$Node; @ 126
Event: 17.173 Thread 0x000000001722b800 Uncommon trap: reason=unstable_if action=reinterpret pc=0x00000000035189e0 method=java.util.HashMap.putVal(ILjava/lang/Object;Ljava/lang/Object;ZZ)Ljava/lang/Object; @ 193
Event: 17.173 Thread 0x000000001722b800 Uncommon trap: reason=class_check action=maybe_recompile pc=0x000000000324b0dc method=java.util.HashMap.getNode(ILjava/lang/Object;)Ljava/util/HashMap$Node; @ 126
Event: 17.173 Thread 0x000000001722b800 Uncommon trap: reason=class_check action=maybe_recompile pc=0x0000000003270978 method=java.util.HashMap.getNode(ILjava/lang/Object;)Ljava/util/HashMap$Node; @ 126
Event: 17.173 Thread 0x000000001722b800 Uncommon trap: reason=class_check action=maybe_recompile pc=0x000000000324b0dc method=java.util.HashMap.getNode(ILjava/lang/Object;)Ljava/util/HashMap$Node; @ 126

Internal exceptions (3 events):
Event: 2.322 Thread 0x0000000002eb1000 Exception <a 'java/lang/NoSuchMethodError': Method sun.misc.Unsafe.defineClass(Ljava/lang/String;[BII)Ljava/lang/Class; name or signature does not match> (0x00000000eab07c78) thrown at [C:\src\android\AOSP-openjdk\external\jetbrains\jdk\hotspot\src\share\v™ôBˆ”@
Event: 2.323 Thread 0x0000000002eb1000 Exception <a 'java/lang/NoSuchMethodError': Method sun.misc.Unsafe.prefetchRead(Ljava/lang/Object;J)V name or signature does not match> (0x00000000eab07f60) thrown at [C:\src\android\AOSP-openjdk\external\jetbrains\jdk\hotspot\src\share\vm\prims\jni.cpp, lª-6å0@
Event: 16.895 Thread 0x000000001722b800 Implicit null exception at 0x00000000032faf82 to 0x00000000032fd5e1

Events (10 events):
Event: 17.173 Thread 0x000000001722b800 DEOPT UNPACKING pc=0x0000000002ff556a sp=0x00000000178ee8a8 mode 2
Event: 17.173 Thread 0x000000001722b800 Uncommon trap: trap_request=0xffffffde fr.pc=0x000000000324b0dc
Event: 17.173 Thread 0x000000001722b800 DEOPT PACKING pc=0x000000000324b0dc sp=0x00000000178ee960
Event: 17.173 Thread 0x000000001722b800 DEOPT UNPACKING pc=0x0000000002ff556a sp=0x00000000178ee8d0 mode 2
Event: 17.173 Thread 0x000000001722b800 Uncommon trap: trap_request=0xffffffde fr.pc=0x0000000003270978
Event: 17.173 Thread 0x000000001722b800 DEOPT PACKING pc=0x0000000003270978 sp=0x00000000178ee600
Event: 17.173 Thread 0x000000001722b800 DEOPT UNPACKING pc=0x0000000002ff556a sp=0x00000000178ee528 mode 2
Event: 17.173 Thread 0x000000001722b800 Uncommon trap: trap_request=0xffffffde fr.pc=0x000000000324b0dc
Event: 17.173 Thread 0x000000001722b800 DEOPT PACKING pc=0x000000000324b0dc sp=0x00000000178ee5b0
Event: 17.173 Thread 0x000000001722b800 DEOPT UNPACKING pc=0x0000000002ff556a sp=0x00000000178ee538 mode 2


Dynamic libraries:
0x00007ff731840000 - 0x00007ff731871000 	C:\Program Files\Android\Android Studio\jre\bin\java.exe
0x00007fff9c960000 - 0x00007fff9cb41000 	C:\Windows\SYSTEM32\ntdll.dll
0x00007fff9a600000 - 0x00007fff9a6b2000 	C:\Windows\System32\KERNEL32.DLL
0x00007fff99b10000 - 0x00007fff99d83000 	C:\Windows\System32\KERNELBASE.dll
0x00007fff9bcb0000 - 0x00007fff9bd51000 	C:\Windows\System32\ADVAPI32.dll
0x00007fff9a200000 - 0x00007fff9a29e000 	C:\Windows\System32\msvcrt.dll
0x00007fff9c4e0000 - 0x00007fff9c53b000 	C:\Windows\System32\sechost.dll
0x00007fff99f20000 - 0x00007fff9a044000 	C:\Windows\System32\RPCRT4.dll
0x00007fff9c2d0000 - 0x00007fff9c460000 	C:\Windows\System32\USER32.dll
0x00007fff98e80000 - 0x00007fff98ea0000 	C:\Windows\System32\win32u.dll
0x00007fff9a050000 - 0x00007fff9a078000 	C:\Windows\System32\GDI32.dll
0x00007fff991c0000 - 0x00007fff99352000 	C:\Windows\System32\gdi32full.dll
0x00007fff99a70000 - 0x00007fff99b0f000 	C:\Windows\System32\msvcp_win.dll
0x00007fff98d80000 - 0x00007fff98e7a000 	C:\Windows\System32\ucrtbase.dll
0x00007fff85030000 - 0x00007fff85299000 	C:\Windows\WinSxS\amd64_microsoft.windows.common-controls_6595b64144ccf1df_6.0.17134.165_none_fb429645306569ac\COMCTL32.dll
0x00007fff9a2d0000 - 0x00007fff9a5f3000 	C:\Windows\System32\combase.dll
0x00007fff98ea0000 - 0x00007fff98f1a000 	C:\Windows\System32\bcryptPrimitives.dll
0x00007fff9a2a0000 - 0x00007fff9a2cd000 	C:\Windows\System32\IMM32.DLL
0x0000000066c20000 - 0x0000000066cf2000 	C:\Program Files\Android\Android Studio\jre\jre\bin\msvcr100.dll
0x0000000066d00000 - 0x000000006753c000 	C:\Program Files\Android\Android Studio\jre\jre\bin\server\jvm.dll
0x00007fff9bb00000 - 0x00007fff9bb08000 	C:\Windows\System32\PSAPI.DLL
0x00007fff8dde0000 - 0x00007fff8dde9000 	C:\Windows\SYSTEM32\WSOCK32.dll
0x00007fff9bd70000 - 0x00007fff9bddc000 	C:\Windows\System32\WS2_32.dll
0x00007fff96cf0000 - 0x00007fff96d13000 	C:\Windows\SYSTEM32\WINMM.dll
0x00007fff8c900000 - 0x00007fff8c90a000 	C:\Windows\SYSTEM32\VERSION.dll
0x00007fff96cc0000 - 0x00007fff96cea000 	C:\Windows\SYSTEM32\WINMMBASE.dll
0x00007fff98d30000 - 0x00007fff98d79000 	C:\Windows\System32\cfgmgr32.dll
0x00007fff86c80000 - 0x00007fff86c8f000 	C:\Program Files\Android\Android Studio\jre\jre\bin\verify.dll
0x00007fff85be0000 - 0x00007fff85c09000 	C:\Program Files\Android\Android Studio\jre\jre\bin\java.dll
0x00007fff85d60000 - 0x00007fff85d76000 	C:\Program Files\Android\Android Studio\jre\jre\bin\zip.dll
0x00007fff9a6c0000 - 0x00007fff9bb00000 	C:\Windows\System32\SHELL32.dll
0x00007fff9c710000 - 0x00007fff9c7b9000 	C:\Windows\System32\shcore.dll
0x00007fff99360000 - 0x00007fff99a6d000 	C:\Windows\System32\windows.storage.dll
0x00007fff9c540000 - 0x00007fff9c591000 	C:\Windows\System32\shlwapi.dll
0x00007fff98cd0000 - 0x00007fff98ce1000 	C:\Windows\System32\kernel.appcore.dll
0x00007fff98d10000 - 0x00007fff98d2f000 	C:\Windows\System32\profapi.dll
0x00007fff98c80000 - 0x00007fff98ccc000 	C:\Windows\System32\powrprof.dll
0x00007fff98c70000 - 0x00007fff98c7a000 	C:\Windows\System32\FLTLIB.DLL

VM Arguments:
jvm_args: -Djava.awt.headless=true -Xmx1024M -Dfile.encoding=windows-1252 -Duser.country=BR -Duser.language=pt -Duser.variant 
java_command: com.android.dx.command.Main --dex --num-threads=4 --output D:\ARQUIVOS\palmphone_V3\platforms\android\build\intermediates\pre-dexed\debug\com.android.support-support-fragment-27.1.1_d1e1c029b63053a15d212d44f27770d5fef3f450.jar D:\ARQUIVOS\palmphone_V3\platforms\android\build\intermediates\exploded-aar\com.android.support\support-fragment\27.1.1\jars\classes.jar
java_class_path (initial): C:\Users\NoteBook\AppData\Local\Android\sdk\build-tools\28.0.1\lib\dx.jar
Launcher Type: SUN_STANDARD

Environment Variables:
PATH=C:\ProgramData\Oracle\Java\javapath;C:\Windows\system32;C:\Windows;C:\Windows\System32\Wbem;C:\Windows\System32\WindowsPowerShell\v1.0\;C:\Windows\System32\OpenSSH\;C:\Program Files (x86)\NVIDIA Corporation\PhysX\Common;C:\Program Files\dotnet\;C:\Program Files\Microsoft SQL Server\130\Tools\Binn\;C:\node\;C:\Program Files\Git\cmd;C:\Program Files\TortoiseSVN\bin;C:\Users\NoteBook\AppData\Local\Microsoft\WindowsApps;;C:\Program Files\Microsoft VS Code\bin;C:\Users\NoteBook\AppData\Roaming\npm
USERNAME=NoteBook
OS=Windows_NT
PROCESSOR_IDENTIFIER=Intel64 Family 6 Model 142 Stepping 9, GenuineIntel



---------------  S Y S T E M  ---------------

OS: Windows 10.0 , 64 bit Build 17134 (10.0.17134.1)

CPU:total 4 (2 cores per cpu, 2 threads per core) family 6 model 142 stepping 9, cmov, cx8, fxsr, mmx, sse, sse2, sse3, ssse3, sse4.1, sse4.2, popcnt, avx, avx2, aes, clmul, erms, 3dnowpref, lzcnt, ht, tsc, tscinvbit, bmi1, bmi2, adx

Memory: 4k page, physical 8260324k(1173744k free), swap 8260324k(4460k free)

vm_info: OpenJDK 64-Bit Server VM (25.112-b06) for windows-amd64 JRE (1.8.0_112-release-b06), built on Dec  8 2016 00:54:26 by "builder" with MS VC++ 10.0 (VS2010)

time: Mon Jul 23 20:00:26 2018
elapsed time: 17 seconds (0d 0h 0m 17s)

